<?xml version="1.0" encoding="UTF-8"?>
<beans xmlns="http://www.springframework.org/schema/beans"
       xmlns:xsi="http://www.w3.org/2001/XMLSchema-instance"
       xsi:schemaLocation="http://www.springframework.org/schema/beans http://www.springframework.org/schema/beans/spring-beans.xsd">

    <bean id="dataSource" class="org.springframework.jdbc.datasource.SimpleDriverDataSource">
        <property name="driverClass" value="com.mysql.jdbc.Driver"/>
        <property name="url" value="jdbc:mysql://localhost/testdb"/>
        <property name="username" value="spring"/>
        <property name="password" value="book"/>
    </bean>

    <bean id="userDao" class="com.hachicore.user.dao.UserDaoJdbc">
        <property name="dataSource" ref="dataSource"/>
    </bean>

    <bean id="userService" class="com.hachicore.user.service.UserServiceImpl">
        <property name="userDao" ref="userDao"/>
        <property name="mailSender" ref="mailSender"/>
    </bean>

    <bean id="transactionManager" class="org.springframework.jdbc.datasource.DataSourceTransactionManager">
        <property name="dataSource" ref="dataSource"/>
    </bean>

    <bean id="mailSender" class="org.springframework.mail.javamail.JavaMailSenderImpl">
        <property name="host" value="mail.server.com"/>
    </bean>

    <bean id="message" class="com.hachicore.learningtest.spring.bean.MessageFactoryBean">
        <property name="text" value="Factory Bean"/>
    </bean>

    <bean id="transactionAdvice" class="com.hachicore.user.service.TransactionAdvice">
        <property name="transactionManager" ref="transactionManager"/>
    </bean>

    <bean id="transactionPointcut" class="com.hachicore.user.service.NameMatchClassMethodPointcut">
        <property name="mappedClassName" value="*NotServiceImpl"/>
        <property name="mappedName" value="upgrade*"/>
    </bean>

    <bean id="transactionAdvisor" class="org.springframework.aop.support.DefaultPointcutAdvisor">
        <property name="advice" ref="transactionAdvice"/>
        <property name="pointcut" ref="transactionPointcut"/>
    </bean>

    <bean id="testUserService" class="com.hachicore.service.UserServiceTest$TestUserServiceImpl" parent="userService"/>

    <bean class="org.springframework.aop.framework.autoproxy.DefaultAdvisorAutoProxyCreator"/>

</beans>